{"C:\\cafeteria\\cafeteria\\src\\app\\app.ts": {"path":"C:\\cafeteria\\cafeteria\\src\\app\\app.ts","statementMap":{"0":{"start":{"line":10,"column":7},"end":{"line":12,"column":null}},"1":{"start":{"line":11,"column":29},"end":{"line":11,"column":48}},"2":{"start":{"line":10,"column":13},"end":{"line":12,"column":null}}},"fnMap":{},"branchMap":{},"s":{"0":1,"1":2,"2":1},"f":{},"b":{},"meta":{"lastBranch":0,"lastFunction":0,"lastStatement":3,"seen":{"s:10:7:12:Infinity":0,"s:11:29:11:48":1,"s:10:13:12:Infinity":2},"fnNames":{}}}
,"C:\\cafeteria\\cafeteria\\src\\app\\core\\services\\auth.service.ts": {"path":"C:\\cafeteria\\cafeteria\\src\\app\\core\\services\\auth.service.ts","statementMap":{"0":{"start":{"line":13,"column":7},"end":{"line":84,"column":null}},"1":{"start":{"line":15,"column":33},"end":{"line":15,"column":48}},"2":{"start":{"line":16,"column":32},"end":{"line":16,"column":51}},"3":{"start":{"line":21,"column":18},"end":{"line":21,"column":67}},"4":{"start":{"line":25,"column":4},"end":{"line":25,"column":null}},"5":{"start":{"line":25,"column":45},"end":{"line":25,"column":null}},"6":{"start":{"line":26,"column":18},"end":{"line":26,"column":56}},"7":{"start":{"line":27,"column":4},"end":{"line":27,"column":44}},"8":{"start":{"line":35,"column":4},"end":{"line":47,"column":null}},"9":{"start":{"line":36,"column":31},"end":{"line":36,"column":86}},"10":{"start":{"line":39,"column":6},"end":{"line":41,"column":null}},"11":{"start":{"line":40,"column":8},"end":{"line":40,"column":null}},"12":{"start":{"line":44,"column":6},"end":{"line":44,"column":null}},"13":{"start":{"line":46,"column":6},"end":{"line":46,"column":18}},"14":{"start":{"line":49,"column":4},"end":{"line":49,"column":17}},"15":{"start":{"line":53,"column":4},"end":{"line":69,"column":null}},"16":{"start":{"line":54,"column":28},"end":{"line":54,"column":55}},"17":{"start":{"line":55,"column":22},"end":{"line":55,"column":53}},"18":{"start":{"line":56,"column":31},"end":{"line":61,"column":null}},"19":{"start":{"line":62,"column":6},"end":{"line":64,"column":null}},"20":{"start":{"line":63,"column":8},"end":{"line":63,"column":null}},"21":{"start":{"line":65,"column":6},"end":{"line":65,"column":null}},"22":{"start":{"line":66,"column":6},"end":{"line":66,"column":null}},"23":{"start":{"line":68,"column":6},"end":{"line":68,"column":null}},"24":{"start":{"line":74,"column":4},"end":{"line":76,"column":null}},"25":{"start":{"line":75,"column":6},"end":{"line":75,"column":null}},"26":{"start":{"line":77,"column":4},"end":{"line":77,"column":null}},"27":{"start":{"line":82,"column":4},"end":{"line":82,"column":null}},"28":{"start":{"line":13,"column":13},"end":{"line":84,"column":null}}},"fnMap":{"0":{"name":"recuperarDoStorage","decl":{"start":{"line":24,"column":10},"end":{"line":24,"column":28}},"loc":{"start":{"line":24,"column":28},"end":{"line":28,"column":null}},"line":24},"1":{"name":"login","decl":{"start":{"line":31,"column":2},"end":{"line":31,"column":7}},"loc":{"start":{"line":31,"column":36},"end":{"line":50,"column":null}},"line":31},"2":{"name":"loginComGoogle","decl":{"start":{"line":52,"column":0},"end":{"line":52,"column":14}},"loc":{"start":{"line":52,"column":36},"end":{"line":70,"column":null}},"line":52},"3":{"name":"logout","decl":{"start":{"line":73,"column":2},"end":{"line":73,"column":8}},"loc":{"start":{"line":73,"column":8},"end":{"line":78,"column":null}},"line":73},"4":{"name":"estaLogado","decl":{"start":{"line":81,"column":6},"end":{"line":81,"column":16}},"loc":{"start":{"line":81,"column":16},"end":{"line":83,"column":null}},"line":81}},"branchMap":{"0":{"loc":{"start":{"line":25,"column":4},"end":{"line":25,"column":null}},"type":"if","locations":[{"start":{"line":25,"column":4},"end":{"line":25,"column":null}},{"start":{},"end":{}}],"line":25},"1":{"loc":{"start":{"line":27,"column":11},"end":{"line":27,"column":43}},"type":"cond-expr","locations":[{"start":{"line":27,"column":19},"end":{"line":27,"column":36}},{"start":{"line":27,"column":39},"end":{"line":27,"column":43}}],"line":27},"2":{"loc":{"start":{"line":35,"column":4},"end":{"line":47,"column":null}},"type":"if","locations":[{"start":{"line":35,"column":4},"end":{"line":47,"column":null}},{"start":{},"end":{}}],"line":35},"3":{"loc":{"start":{"line":35,"column":8},"end":{"line":35,"column":48}},"type":"binary-expr","locations":[{"start":{"line":35,"column":8},"end":{"line":35,"column":27}},{"start":{"line":35,"column":31},"end":{"line":35,"column":48}}],"line":35},"4":{"loc":{"start":{"line":39,"column":6},"end":{"line":41,"column":null}},"type":"if","locations":[{"start":{"line":39,"column":6},"end":{"line":41,"column":null}},{"start":{},"end":{}}],"line":39},"5":{"loc":{"start":{"line":57,"column":14},"end":{"line":57,"column":57}},"type":"binary-expr","locations":[{"start":{"line":57,"column":14},"end":{"line":57,"column":26}},{"start":{"line":57,"column":30},"end":{"line":57,"column":57}}],"line":57},"6":{"loc":{"start":{"line":62,"column":6},"end":{"line":64,"column":null}},"type":"if","locations":[{"start":{"line":62,"column":6},"end":{"line":64,"column":null}},{"start":{},"end":{}}],"line":62},"7":{"loc":{"start":{"line":74,"column":4},"end":{"line":76,"column":null}},"type":"if","locations":[{"start":{"line":74,"column":4},"end":{"line":76,"column":null}},{"start":{},"end":{}}],"line":74}},"s":{"0":1,"1":3,"2":3,"3":3,"4":3,"5":0,"6":3,"7":3,"8":0,"9":0,"10":0,"11":0,"12":0,"13":0,"14":0,"15":0,"16":0,"17":0,"18":0,"19":0,"20":0,"21":0,"22":0,"23":0,"24":0,"25":0,"26":0,"27":9,"28":1},"f":{"0":3,"1":0,"2":0,"3":0,"4":9},"b":{"0":[0,3],"1":[0,3],"2":[0,0],"3":[0,0],"4":[0,0],"5":[0,0],"6":[0,0],"7":[0,0]},"meta":{"lastBranch":8,"lastFunction":5,"lastStatement":29,"seen":{"s:13:7:84:Infinity":0,"s:15:33:15:48":1,"s:16:32:16:51":2,"s:21:18:21:67":3,"f:24:10:24:28":0,"b:25:4:25:Infinity:undefined:undefined:undefined:undefined":0,"s:25:4:25:Infinity":4,"s:25:45:25:Infinity":5,"s:26:18:26:56":6,"s:27:4:27:44":7,"b:27:19:27:36:27:39:27:43":1,"f:31:2:31:7":1,"b:35:4:47:Infinity:undefined:undefined:undefined:undefined":2,"s:35:4:47:Infinity":8,"b:35:8:35:27:35:31:35:48":3,"s:36:31:36:86":9,"b:39:6:41:Infinity:undefined:undefined:undefined:undefined":4,"s:39:6:41:Infinity":10,"s:40:8:40:Infinity":11,"s:44:6:44:Infinity":12,"s:46:6:46:18":13,"s:49:4:49:17":14,"f:52:0:52:14":2,"s:53:4:69:Infinity":15,"s:54:28:54:55":16,"s:55:22:55:53":17,"s:56:31:61:Infinity":18,"b:57:14:57:26:57:30:57:57":5,"b:62:6:64:Infinity:undefined:undefined:undefined:undefined":6,"s:62:6:64:Infinity":19,"s:63:8:63:Infinity":20,"s:65:6:65:Infinity":21,"s:66:6:66:Infinity":22,"s:68:6:68:Infinity":23,"f:73:2:73:8":3,"b:74:4:76:Infinity:undefined:undefined:undefined:undefined":7,"s:74:4:76:Infinity":24,"s:75:6:75:Infinity":25,"s:77:4:77:Infinity":26,"f:81:6:81:16":4,"s:82:4:82:Infinity":27,"s:13:13:84:Infinity":28},"fnNames":{}}}
,"C:\\cafeteria\\cafeteria\\src\\app\\core\\services\\carrinho.ts": {"path":"C:\\cafeteria\\cafeteria\\src\\app\\core\\services\\carrinho.ts","statementMap":{"0":{"start":{"line":6,"column":7},"end":{"line":6,"column":null}},"1":{"start":{"line":6,"column":13},"end":{"line":6,"column":null}}},"fnMap":{},"branchMap":{},"s":{"0":1,"1":1},"f":{},"b":{},"meta":{"lastBranch":0,"lastFunction":0,"lastStatement":2,"seen":{"s:6:7:6:Infinity":0,"s:6:13:6:Infinity":1},"fnNames":{}}}
,"C:\\cafeteria\\cafeteria\\src\\app\\core\\services\\cep.service.ts": {"path":"C:\\cafeteria\\cafeteria\\src\\app\\core\\services\\cep.service.ts","statementMap":{"0":{"start":{"line":8,"column":7},"end":{"line":18,"column":null}},"1":{"start":{"line":10,"column":22},"end":{"line":10,"column":38}},"2":{"start":{"line":13,"column":21},"end":{"line":13,"column":43}},"3":{"start":{"line":15,"column":4},"end":{"line":17,"column":null}},"4":{"start":{"line":8,"column":13},"end":{"line":19,"column":null}}},"fnMap":{"0":{"name":"constructor","decl":{"start":{"line":10,"column":2},"end":{"line":10,"column":22}},"loc":{"start":{"line":10,"column":38},"end":{"line":10,"column":null}},"line":10},"1":{"name":"buscarCep","decl":{"start":{"line":12,"column":2},"end":{"line":12,"column":11}},"loc":{"start":{"line":12,"column":23},"end":{"line":18,"column":null}},"line":12}},"branchMap":{},"s":{"0":1,"1":1,"2":0,"3":0,"4":1},"f":{"0":1,"1":0},"b":{},"meta":{"lastBranch":0,"lastFunction":2,"lastStatement":5,"seen":{"s:8:7:18:Infinity":0,"f:10:2:10:22":0,"s:10:22:10:38":1,"f:12:2:12:11":1,"s:13:21:13:43":2,"s:15:4:17:Infinity":3,"s:8:13:19:Infinity":4},"fnNames":{}}}
,"C:\\cafeteria\\cafeteria\\src\\app\\features\\cardapio\\cardapio\\cardapio.css": {"path":"C:\\cafeteria\\cafeteria\\src\\app\\features\\cardapio\\cardapio\\cardapio.css","statementMap":{},"fnMap":{},"branchMap":{},"s":{},"f":{},"b":{},"meta":{"lastBranch":0,"lastFunction":0,"lastStatement":0,"seen":{},"fnNames":{}}}
,"C:\\cafeteria\\cafeteria\\src\\app\\features\\cardapio\\cardapio\\cardapio.ts": {"path":"C:\\cafeteria\\cafeteria\\src\\app\\features\\cardapio\\cardapio\\cardapio.ts","statementMap":{"0":{"start":{"line":73,"column":7},"end":{"line":489,"column":null}},"1":{"start":{"line":79,"column":23},"end":{"line":79,"column":25}},"2":{"start":{"line":80,"column":33},"end":{"line":80,"column":40}},"3":{"start":{"line":81,"column":34},"end":{"line":81,"column":35}},"4":{"start":{"line":82,"column":36},"end":{"line":82,"column":53}},"5":{"start":{"line":84,"column":31},"end":{"line":84,"column":36}},"6":{"start":{"line":85,"column":25},"end":{"line":85,"column":30}},"7":{"start":{"line":91,"column":31},"end":{"line":171,"column":null}},"8":{"start":{"line":177,"column":26},"end":{"line":256,"column":null}},"9":{"start":{"line":263,"column":23},"end":{"line":263,"column":25}},"10":{"start":{"line":265,"column":48},"end":{"line":280,"column":null}},"11":{"start":{"line":283,"column":35},"end":{"line":283,"column":47}},"12":{"start":{"line":285,"column":28},"end":{"line":285,"column":41}},"13":{"start":{"line":75,"column":12},"end":{"line":75,"column":44}},"14":{"start":{"line":76,"column":12},"end":{"line":76,"column":28}},"15":{"start":{"line":293,"column":4},"end":{"line":293,"column":null}},"16":{"start":{"line":295,"column":4},"end":{"line":295,"column":null}},"17":{"start":{"line":300,"column":4},"end":{"line":318,"column":null}},"18":{"start":{"line":303,"column":24},"end":{"line":303,"column":81}},"19":{"start":{"line":303,"column":73},"end":{"line":303,"column":80}},"20":{"start":{"line":306,"column":8},"end":{"line":308,"column":null}},"21":{"start":{"line":307,"column":25},"end":{"line":307,"column":71}},"22":{"start":{"line":310,"column":8},"end":{"line":312,"column":null}},"23":{"start":{"line":311,"column":25},"end":{"line":311,"column":68}},"24":{"start":{"line":316,"column":8},"end":{"line":316,"column":null}},"25":{"start":{"line":327,"column":4},"end":{"line":327,"column":null}},"26":{"start":{"line":329,"column":4},"end":{"line":329,"column":null}},"27":{"start":{"line":332,"column":4},"end":{"line":384,"column":null}},"28":{"start":{"line":335,"column":27},"end":{"line":335,"column":77}},"29":{"start":{"line":338,"column":8},"end":{"line":345,"column":null}},"30":{"start":{"line":340,"column":10},"end":{"line":340,"column":null}},"31":{"start":{"line":342,"column":10},"end":{"line":342,"column":null}},"32":{"start":{"line":344,"column":10},"end":{"line":344,"column":null}},"33":{"start":{"line":348,"column":8},"end":{"line":367,"column":null}},"34":{"start":{"line":348,"column":51},"end":{"line":367,"column":10}},"35":{"start":{"line":370,"column":8},"end":{"line":370,"column":null}},"36":{"start":{"line":375,"column":8},"end":{"line":375,"column":null}},"37":{"start":{"line":378,"column":8},"end":{"line":378,"column":null}},"38":{"start":{"line":380,"column":8},"end":{"line":380,"column":null}},"39":{"start":{"line":382,"column":8},"end":{"line":382,"column":null}},"40":{"start":{"line":392,"column":28},"end":{"line":395,"column":20}},"41":{"start":{"line":397,"column":4},"end":{"line":399,"column":null}},"42":{"start":{"line":398,"column":6},"end":{"line":398,"column":null}},"43":{"start":{"line":401,"column":4},"end":{"line":403,"column":null}},"44":{"start":{"line":402,"column":6},"end":{"line":402,"column":null}},"45":{"start":{"line":405,"column":4},"end":{"line":407,"column":null}},"46":{"start":{"line":406,"column":6},"end":{"line":406,"column":null}},"47":{"start":{"line":409,"column":4},"end":{"line":411,"column":null}},"48":{"start":{"line":410,"column":6},"end":{"line":410,"column":null}},"49":{"start":{"line":413,"column":4},"end":{"line":415,"column":null}},"50":{"start":{"line":414,"column":6},"end":{"line":414,"column":null}},"51":{"start":{"line":417,"column":4},"end":{"line":417,"column":null}},"52":{"start":{"line":425,"column":4},"end":{"line":429,"column":null}},"53":{"start":{"line":427,"column":8},"end":{"line":428,"column":76}},"54":{"start":{"line":433,"column":4},"end":{"line":437,"column":null}},"55":{"start":{"line":435,"column":8},"end":{"line":436,"column":76}},"56":{"start":{"line":441,"column":4},"end":{"line":445,"column":null}},"57":{"start":{"line":443,"column":8},"end":{"line":444,"column":76}},"58":{"start":{"line":449,"column":4},"end":{"line":449,"column":null}},"59":{"start":{"line":453,"column":4},"end":{"line":453,"column":null}},"60":{"start":{"line":457,"column":4},"end":{"line":457,"column":null}},"61":{"start":{"line":461,"column":4},"end":{"line":463,"column":null}},"62":{"start":{"line":462,"column":6},"end":{"line":462,"column":null}},"63":{"start":{"line":465,"column":23},"end":{"line":465,"column":105}},"64":{"start":{"line":466,"column":4},"end":{"line":468,"column":null}},"65":{"start":{"line":467,"column":6},"end":{"line":467,"column":null}},"66":{"start":{"line":476,"column":4},"end":{"line":476,"column":null}},"67":{"start":{"line":478,"column":4},"end":{"line":478,"column":null}},"68":{"start":{"line":486,"column":4},"end":{"line":488,"column":null}},"69":{"start":{"line":488,"column":34},"end":{"line":488,"column":60}},"70":{"start":{"line":73,"column":13},"end":{"line":490,"column":null}}},"fnMap":{"0":{"name":"constructor","decl":{"start":{"line":74,"column":2},"end":{"line":74,"column":null}},"loc":{"start":{"line":76,"column":28},"end":{"line":77,"column":null}},"line":76},"1":{"name":"ngOnInit","decl":{"start":{"line":291,"column":2},"end":{"line":291,"column":10}},"loc":{"start":{"line":291,"column":10},"end":{"line":296,"column":null}},"line":291},"2":{"name":"carregarComidas","decl":{"start":{"line":298,"column":2},"end":{"line":298,"column":17}},"loc":{"start":{"line":298,"column":17},"end":{"line":319,"column":null}},"line":298},"3":{"name":"(anonymous_3)","decl":{"start":{"line":301,"column":12},"end":{"line":301,"column":13}},"loc":{"start":{"line":301,"column":25},"end":{"line":313,"column":7}},"line":301},"4":{"name":"(anonymous_4)","decl":{"start":{"line":303,"column":42},"end":{"line":303,"column":43}},"loc":{"start":{"line":303,"column":73},"end":{"line":303,"column":80}},"line":303},"5":{"name":"(anonymous_5)","decl":{"start":{"line":307,"column":10},"end":{"line":307,"column":11}},"loc":{"start":{"line":307,"column":25},"end":{"line":307,"column":71}},"line":307},"6":{"name":"(anonymous_6)","decl":{"start":{"line":311,"column":10},"end":{"line":311,"column":11}},"loc":{"start":{"line":311,"column":25},"end":{"line":311,"column":68}},"line":311},"7":{"name":"(anonymous_7)","decl":{"start":{"line":314,"column":13},"end":{"line":314,"column":14}},"loc":{"start":{"line":314,"column":22},"end":{"line":317,"column":7}},"line":314},"8":{"name":"carregarBebidas","decl":{"start":{"line":325,"column":2},"end":{"line":325,"column":17}},"loc":{"start":{"line":325,"column":17},"end":{"line":385,"column":null}},"line":325},"9":{"name":"(anonymous_9)","decl":{"start":{"line":333,"column":12},"end":{"line":333,"column":13}},"loc":{"start":{"line":333,"column":25},"end":{"line":371,"column":7}},"line":333},"10":{"name":"(anonymous_10)","decl":{"start":{"line":348,"column":38},"end":{"line":348,"column":39}},"loc":{"start":{"line":348,"column":51},"end":{"line":367,"column":10}},"line":348},"11":{"name":"(anonymous_11)","decl":{"start":{"line":373,"column":13},"end":{"line":373,"column":14}},"loc":{"start":{"line":373,"column":22},"end":{"line":383,"column":7}},"line":373},"12":{"name":"obterImagemBebida","decl":{"start":{"line":391,"column":2},"end":{"line":391,"column":19}},"loc":{"start":{"line":391,"column":32},"end":{"line":418,"column":null}},"line":391},"13":{"name":"salgadosFiltrados","decl":{"start":{"line":424,"column":6},"end":{"line":424,"column":23}},"loc":{"start":{"line":424,"column":23},"end":{"line":430,"column":null}},"line":424},"14":{"name":"(anonymous_14)","decl":{"start":{"line":426,"column":6},"end":{"line":426,"column":7}},"loc":{"start":{"line":427,"column":8},"end":{"line":428,"column":76}},"line":427},"15":{"name":"sobremesasFiltradas","decl":{"start":{"line":432,"column":6},"end":{"line":432,"column":25}},"loc":{"start":{"line":432,"column":25},"end":{"line":438,"column":null}},"line":432},"16":{"name":"(anonymous_16)","decl":{"start":{"line":434,"column":6},"end":{"line":434,"column":7}},"loc":{"start":{"line":435,"column":8},"end":{"line":436,"column":76}},"line":435},"17":{"name":"bebidasFiltradas","decl":{"start":{"line":440,"column":6},"end":{"line":440,"column":22}},"loc":{"start":{"line":440,"column":22},"end":{"line":446,"column":null}},"line":440},"18":{"name":"(anonymous_18)","decl":{"start":{"line":442,"column":6},"end":{"line":442,"column":7}},"loc":{"start":{"line":443,"column":8},"end":{"line":444,"column":76}},"line":443},"19":{"name":"salgadosVisiveis","decl":{"start":{"line":448,"column":6},"end":{"line":448,"column":22}},"loc":{"start":{"line":448,"column":22},"end":{"line":450,"column":null}},"line":448},"20":{"name":"sobremesasVisiveis","decl":{"start":{"line":452,"column":6},"end":{"line":452,"column":24}},"loc":{"start":{"line":452,"column":24},"end":{"line":454,"column":null}},"line":452},"21":{"name":"bebidasVisiveis","decl":{"start":{"line":456,"column":6},"end":{"line":456,"column":21}},"loc":{"start":{"line":456,"column":21},"end":{"line":458,"column":null}},"line":456},"22":{"name":"carregarMaisItens","decl":{"start":{"line":460,"column":2},"end":{"line":460,"column":19}},"loc":{"start":{"line":460,"column":19},"end":{"line":469,"column":null}},"line":460},"23":{"name":"adicionarAoCarrinho","decl":{"start":{"line":475,"column":2},"end":{"line":475,"column":21}},"loc":{"start":{"line":475,"column":38},"end":{"line":479,"column":null}},"line":475},"24":{"name":"quantidadeCarrinho","decl":{"start":{"line":485,"column":6},"end":{"line":485,"column":24}},"loc":{"start":{"line":485,"column":24},"end":{"line":489,"column":null}},"line":485},"25":{"name":"(anonymous_25)","decl":{"start":{"line":488,"column":14},"end":{"line":488,"column":15}},"loc":{"start":{"line":488,"column":34},"end":{"line":488,"column":60}},"line":488}},"branchMap":{"0":{"loc":{"start":{"line":335,"column":27},"end":{"line":335,"column":77}},"type":"cond-expr","locations":[{"start":{"line":335,"column":53},"end":{"line":335,"column":61}},{"start":{"line":335,"column":64},"end":{"line":335,"column":77}}],"line":335},"1":{"loc":{"start":{"line":338,"column":8},"end":{"line":345,"column":null}},"type":"if","locations":[{"start":{"line":338,"column":8},"end":{"line":345,"column":null}},{"start":{},"end":{}}],"line":338},"2":{"loc":{"start":{"line":338,"column":12},"end":{"line":338,"column":65}},"type":"binary-expr","locations":[{"start":{"line":338,"column":12},"end":{"line":338,"column":38}},{"start":{"line":338,"column":42},"end":{"line":338,"column":65}}],"line":338},"3":{"loc":{"start":{"line":354,"column":12},"end":{"line":357,"column":82}},"type":"binary-expr","locations":[{"start":{"line":354,"column":12},"end":{"line":354,"column":30}},{"start":{"line":355,"column":13},"end":{"line":357,"column":81}}],"line":354},"4":{"loc":{"start":{"line":355,"column":13},"end":{"line":357,"column":81}},"type":"cond-expr","locations":[{"start":{"line":356,"column":16},"end":{"line":356,"column":null}},{"start":{"line":357,"column":16},"end":{"line":357,"column":81}}],"line":355},"5":{"loc":{"start":{"line":366,"column":18},"end":{"line":366,"column":69}},"type":"binary-expr","locations":[{"start":{"line":366,"column":18},"end":{"line":366,"column":30}},{"start":{"line":366,"column":34},"end":{"line":366,"column":69}}],"line":366},"6":{"loc":{"start":{"line":397,"column":4},"end":{"line":399,"column":null}},"type":"if","locations":[{"start":{"line":397,"column":4},"end":{"line":399,"column":null}},{"start":{},"end":{}}],"line":397},"7":{"loc":{"start":{"line":401,"column":4},"end":{"line":403,"column":null}},"type":"if","locations":[{"start":{"line":401,"column":4},"end":{"line":403,"column":null}},{"start":{},"end":{}}],"line":401},"8":{"loc":{"start":{"line":405,"column":4},"end":{"line":407,"column":null}},"type":"if","locations":[{"start":{"line":405,"column":4},"end":{"line":407,"column":null}},{"start":{},"end":{}}],"line":405},"9":{"loc":{"start":{"line":409,"column":4},"end":{"line":411,"column":null}},"type":"if","locations":[{"start":{"line":409,"column":4},"end":{"line":411,"column":null}},{"start":{},"end":{}}],"line":409},"10":{"loc":{"start":{"line":413,"column":4},"end":{"line":415,"column":null}},"type":"if","locations":[{"start":{"line":413,"column":4},"end":{"line":415,"column":null}},{"start":{},"end":{}}],"line":413},"11":{"loc":{"start":{"line":427,"column":8},"end":{"line":428,"column":76}},"type":"binary-expr","locations":[{"start":{"line":427,"column":8},"end":{"line":427,"column":71}},{"start":{"line":428,"column":8},"end":{"line":428,"column":76}}],"line":427},"12":{"loc":{"start":{"line":435,"column":8},"end":{"line":436,"column":76}},"type":"binary-expr","locations":[{"start":{"line":435,"column":8},"end":{"line":435,"column":71}},{"start":{"line":436,"column":8},"end":{"line":436,"column":76}}],"line":435},"13":{"loc":{"start":{"line":443,"column":8},"end":{"line":444,"column":76}},"type":"binary-expr","locations":[{"start":{"line":443,"column":8},"end":{"line":443,"column":71}},{"start":{"line":444,"column":8},"end":{"line":444,"column":76}}],"line":443},"14":{"loc":{"start":{"line":461,"column":4},"end":{"line":463,"column":null}},"type":"if","locations":[{"start":{"line":461,"column":4},"end":{"line":463,"column":null}},{"start":{},"end":{}}],"line":461},"15":{"loc":{"start":{"line":461,"column":8},"end":{"line":461,"column":72}},"type":"binary-expr","locations":[{"start":{"line":461,"column":8},"end":{"line":461,"column":37}},{"start":{"line":461,"column":41},"end":{"line":461,"column":72}}],"line":461},"16":{"loc":{"start":{"line":466,"column":4},"end":{"line":468,"column":null}},"type":"if","locations":[{"start":{"line":466,"column":4},"end":{"line":468,"column":null}},{"start":{},"end":{}}],"line":466}},"s":{"0":1,"1":4,"2":4,"3":4,"4":4,"5":4,"6":4,"7":4,"8":4,"9":4,"10":4,"11":4,"12":4,"13":4,"14":4,"15":4,"16":4,"17":4,"18":4,"19":8,"20":4,"21":8,"22":4,"23":8,"24":0,"25":5,"26":5,"27":5,"28":4,"29":4,"30":0,"31":0,"32":0,"33":4,"34":8,"35":4,"36":1,"37":1,"38":1,"39":1,"40":8,"41":8,"42":0,"43":8,"44":0,"45":8,"46":0,"47":8,"48":0,"49":8,"50":4,"51":4,"52":4,"53":36,"54":4,"55":36,"56":0,"57":0,"58":4,"59":4,"60":0,"61":0,"62":0,"63":0,"64":0,"65":0,"66":0,"67":0,"68":0,"69":0,"70":1},"f":{"0":4,"1":4,"2":4,"3":4,"4":8,"5":8,"6":8,"7":0,"8":5,"9":4,"10":8,"11":1,"12":8,"13":4,"14":36,"15":4,"16":36,"17":0,"18":0,"19":4,"20":4,"21":0,"22":0,"23":0,"24":0,"25":0},"b":{"0":[0,4],"1":[0,4],"2":[4,4],"3":[8,8],"4":[8,0],"5":[8,8],"6":[0,8],"7":[0,8],"8":[0,8],"9":[0,8],"10":[4,4],"11":[36,0],"12":[36,0],"13":[0,0],"14":[0,0],"15":[0,0],"16":[0,0]},"meta":{"lastBranch":17,"lastFunction":26,"lastStatement":71,"seen":{"s:73:7:489:Infinity":0,"s:79:23:79:25":1,"s:80:33:80:40":2,"s:81:34:81:35":3,"s:82:36:82:53":4,"s:84:31:84:36":5,"s:85:25:85:30":6,"s:91:31:171:Infinity":7,"s:177:26:256:Infinity":8,"s:263:23:263:25":9,"s:265:48:280:Infinity":10,"s:283:35:283:47":11,"s:285:28:285:41":12,"f:74:2:74:Infinity":0,"s:75:12:75:44":13,"s:76:12:76:28":14,"f:291:2:291:10":1,"s:293:4:293:Infinity":15,"s:295:4:295:Infinity":16,"f:298:2:298:17":2,"s:300:4:318:Infinity":17,"f:301:12:301:13":3,"s:303:24:303:81":18,"f:303:42:303:43":4,"s:303:73:303:80":19,"s:306:8:308:Infinity":20,"f:307:10:307:11":5,"s:307:25:307:71":21,"s:310:8:312:Infinity":22,"f:311:10:311:11":6,"s:311:25:311:68":23,"f:314:13:314:14":7,"s:316:8:316:Infinity":24,"f:325:2:325:17":8,"s:327:4:327:Infinity":25,"s:329:4:329:Infinity":26,"s:332:4:384:Infinity":27,"f:333:12:333:13":9,"s:335:27:335:77":28,"b:335:53:335:61:335:64:335:77":0,"b:338:8:345:Infinity:undefined:undefined:undefined:undefined":1,"s:338:8:345:Infinity":29,"b:338:12:338:38:338:42:338:65":2,"s:340:10:340:Infinity":30,"s:342:10:342:Infinity":31,"s:344:10:344:Infinity":32,"s:348:8:367:Infinity":33,"f:348:38:348:39":10,"s:348:51:367:10":34,"b:354:12:354:30:355:13:357:81":3,"b:356:16:356:Infinity:357:16:357:81":4,"b:366:18:366:30:366:34:366:69":5,"s:370:8:370:Infinity":35,"f:373:13:373:14":11,"s:375:8:375:Infinity":36,"s:378:8:378:Infinity":37,"s:380:8:380:Infinity":38,"s:382:8:382:Infinity":39,"f:391:2:391:19":12,"s:392:28:395:20":40,"b:397:4:399:Infinity:undefined:undefined:undefined:undefined":6,"s:397:4:399:Infinity":41,"s:398:6:398:Infinity":42,"b:401:4:403:Infinity:undefined:undefined:undefined:undefined":7,"s:401:4:403:Infinity":43,"s:402:6:402:Infinity":44,"b:405:4:407:Infinity:undefined:undefined:undefined:undefined":8,"s:405:4:407:Infinity":45,"s:406:6:406:Infinity":46,"b:409:4:411:Infinity:undefined:undefined:undefined:undefined":9,"s:409:4:411:Infinity":47,"s:410:6:410:Infinity":48,"b:413:4:415:Infinity:undefined:undefined:undefined:undefined":10,"s:413:4:415:Infinity":49,"s:414:6:414:Infinity":50,"s:417:4:417:Infinity":51,"f:424:6:424:23":13,"s:425:4:429:Infinity":52,"f:426:6:426:7":14,"s:427:8:428:76":53,"b:427:8:427:71:428:8:428:76":11,"f:432:6:432:25":15,"s:433:4:437:Infinity":54,"f:434:6:434:7":16,"s:435:8:436:76":55,"b:435:8:435:71:436:8:436:76":12,"f:440:6:440:22":17,"s:441:4:445:Infinity":56,"f:442:6:442:7":18,"s:443:8:444:76":57,"b:443:8:443:71:444:8:444:76":13,"f:448:6:448:22":19,"s:449:4:449:Infinity":58,"f:452:6:452:24":20,"s:453:4:453:Infinity":59,"f:456:6:456:21":21,"s:457:4:457:Infinity":60,"f:460:2:460:19":22,"b:461:4:463:Infinity:undefined:undefined:undefined:undefined":14,"s:461:4:463:Infinity":61,"b:461:8:461:37:461:41:461:72":15,"s:462:6:462:Infinity":62,"s:465:23:465:105":63,"b:466:4:468:Infinity:undefined:undefined:undefined:undefined":16,"s:466:4:468:Infinity":64,"s:467:6:467:Infinity":65,"f:475:2:475:21":23,"s:476:4:476:Infinity":66,"s:478:4:478:Infinity":67,"f:485:6:485:24":24,"s:486:4:488:Infinity":68,"f:488:14:488:15":25,"s:488:34:488:60":69,"s:73:13:490:Infinity":70},"fnNames":{}}}
,"C:\\cafeteria\\cafeteria\\src\\app\\features\\carrinho\\carrinho\\carrinho.css": {"path":"C:\\cafeteria\\cafeteria\\src\\app\\features\\carrinho\\carrinho\\carrinho.css","statementMap":{},"fnMap":{},"branchMap":{},"s":{},"f":{},"b":{},"meta":{"lastBranch":0,"lastFunction":0,"lastStatement":0,"seen":{},"fnNames":{}}}
,"C:\\cafeteria\\cafeteria\\src\\app\\features\\carrinho\\carrinho\\carrinho.service.ts": {"path":"C:\\cafeteria\\cafeteria\\src\\app\\features\\carrinho\\carrinho\\carrinho.service.ts","statementMap":{"0":{"start":{"line":17,"column":7},"end":{"line":201,"column":null}},"1":{"start":{"line":19,"column":40},"end":{"line":19,"column":42}},"2":{"start":{"line":22,"column":29},"end":{"line":22,"column":30}},"3":{"start":{"line":28,"column":4},"end":{"line":31,"column":null}},"4":{"start":{"line":30,"column":6},"end":{"line":30,"column":null}},"5":{"start":{"line":40,"column":29},"end":{"line":40,"column":85}},"6":{"start":{"line":40,"column":58},"end":{"line":40,"column":84}},"7":{"start":{"line":43,"column":4},"end":{"line":51,"column":null}},"8":{"start":{"line":45,"column":6},"end":{"line":45,"column":null}},"9":{"start":{"line":48,"column":6},"end":{"line":48,"column":null}},"10":{"start":{"line":50,"column":6},"end":{"line":50,"column":null}},"11":{"start":{"line":54,"column":41},"end":{"line":60,"column":null}},"12":{"start":{"line":63,"column":4},"end":{"line":63,"column":null}},"13":{"start":{"line":66,"column":4},"end":{"line":66,"column":null}},"14":{"start":{"line":75,"column":4},"end":{"line":75,"column":null}},"15":{"start":{"line":84,"column":4},"end":{"line":84,"column":null}},"16":{"start":{"line":87,"column":4},"end":{"line":87,"column":null}},"17":{"start":{"line":96,"column":4},"end":{"line":102,"column":null}},"18":{"start":{"line":98,"column":6},"end":{"line":98,"column":null}},"19":{"start":{"line":101,"column":6},"end":{"line":101,"column":null}},"20":{"start":{"line":111,"column":4},"end":{"line":111,"column":null}},"21":{"start":{"line":111,"column":51},"end":{"line":111,"column":67}},"22":{"start":{"line":114,"column":4},"end":{"line":114,"column":null}},"23":{"start":{"line":123,"column":4},"end":{"line":123,"column":null}},"24":{"start":{"line":123,"column":52},"end":{"line":123,"column":94}},"25":{"start":{"line":132,"column":4},"end":{"line":132,"column":null}},"26":{"start":{"line":135,"column":4},"end":{"line":135,"column":null}},"27":{"start":{"line":138,"column":4},"end":{"line":138,"column":null}},"28":{"start":{"line":147,"column":4},"end":{"line":147,"column":null}},"29":{"start":{"line":156,"column":4},"end":{"line":156,"column":null}},"30":{"start":{"line":165,"column":4},"end":{"line":167,"column":null}},"31":{"start":{"line":166,"column":6},"end":{"line":166,"column":null}},"32":{"start":{"line":171,"column":27},"end":{"line":171,"column":56}},"33":{"start":{"line":174,"column":4},"end":{"line":174,"column":null}},"34":{"start":{"line":183,"column":4},"end":{"line":185,"column":null}},"35":{"start":{"line":184,"column":6},"end":{"line":184,"column":null}},"36":{"start":{"line":188,"column":27},"end":{"line":188,"column":59}},"37":{"start":{"line":191,"column":4},"end":{"line":200,"column":null}},"38":{"start":{"line":192,"column":6},"end":{"line":199,"column":null}},"39":{"start":{"line":194,"column":8},"end":{"line":194,"column":null}},"40":{"start":{"line":198,"column":8},"end":{"line":198,"column":null}},"41":{"start":{"line":17,"column":13},"end":{"line":202,"column":null}}},"fnMap":{"0":{"name":"constructor","decl":{"start":{"line":25,"column":2},"end":{"line":25,"column":null}},"loc":{"start":{"line":25,"column":2},"end":{"line":32,"column":null}},"line":25},"1":{"name":"adicionarProduto","decl":{"start":{"line":38,"column":2},"end":{"line":38,"column":18}},"loc":{"start":{"line":38,"column":31},"end":{"line":67,"column":null}},"line":38},"2":{"name":"(anonymous_2)","decl":{"start":{"line":40,"column":48},"end":{"line":40,"column":49}},"loc":{"start":{"line":40,"column":58},"end":{"line":40,"column":84}},"line":40},"3":{"name":"getProdutos","decl":{"start":{"line":73,"column":2},"end":{"line":73,"column":13}},"loc":{"start":{"line":73,"column":13},"end":{"line":76,"column":null}},"line":73},"4":{"name":"aumentarQuantidade","decl":{"start":{"line":82,"column":2},"end":{"line":82,"column":20}},"loc":{"start":{"line":82,"column":45},"end":{"line":88,"column":null}},"line":82},"5":{"name":"diminuirQuantidade","decl":{"start":{"line":94,"column":2},"end":{"line":94,"column":20}},"loc":{"start":{"line":94,"column":45},"end":{"line":103,"column":null}},"line":94},"6":{"name":"removerProduto","decl":{"start":{"line":109,"column":2},"end":{"line":109,"column":16}},"loc":{"start":{"line":109,"column":41},"end":{"line":115,"column":null}},"line":109},"7":{"name":"(anonymous_7)","decl":{"start":{"line":111,"column":41},"end":{"line":111,"column":42}},"loc":{"start":{"line":111,"column":51},"end":{"line":111,"column":67}},"line":111},"8":{"name":"getTotal","decl":{"start":{"line":121,"column":2},"end":{"line":121,"column":10}},"loc":{"start":{"line":121,"column":10},"end":{"line":124,"column":null}},"line":121},"9":{"name":"(anonymous_9)","decl":{"start":{"line":123,"column":32},"end":{"line":123,"column":33}},"loc":{"start":{"line":123,"column":52},"end":{"line":123,"column":94}},"line":123},"10":{"name":"limparCarrinho","decl":{"start":{"line":130,"column":2},"end":{"line":130,"column":16}},"loc":{"start":{"line":130,"column":16},"end":{"line":139,"column":null}},"line":130},"11":{"name":"definirDesconto","decl":{"start":{"line":145,"column":2},"end":{"line":145,"column":17}},"loc":{"start":{"line":145,"column":34},"end":{"line":148,"column":null}},"line":145},"12":{"name":"getDesconto","decl":{"start":{"line":154,"column":2},"end":{"line":154,"column":13}},"loc":{"start":{"line":154,"column":13},"end":{"line":157,"column":null}},"line":154},"13":{"name":"salvarCarrinho","decl":{"start":{"line":163,"column":10},"end":{"line":163,"column":24}},"loc":{"start":{"line":163,"column":24},"end":{"line":175,"column":null}},"line":163},"14":{"name":"carregarCarrinho","decl":{"start":{"line":181,"column":10},"end":{"line":181,"column":26}},"loc":{"start":{"line":181,"column":26},"end":{"line":201,"column":null}},"line":181}},"branchMap":{"0":{"loc":{"start":{"line":28,"column":4},"end":{"line":31,"column":null}},"type":"if","locations":[{"start":{"line":28,"column":4},"end":{"line":31,"column":null}},{"start":{},"end":{}}],"line":28},"1":{"loc":{"start":{"line":43,"column":4},"end":{"line":51,"column":null}},"type":"if","locations":[{"start":{"line":43,"column":4},"end":{"line":51,"column":null}},{"start":{},"end":{}}],"line":43},"2":{"loc":{"start":{"line":96,"column":4},"end":{"line":102,"column":null}},"type":"if","locations":[{"start":{"line":96,"column":4},"end":{"line":102,"column":null}},{"start":{},"end":{}}],"line":96},"3":{"loc":{"start":{"line":165,"column":4},"end":{"line":167,"column":null}},"type":"if","locations":[{"start":{"line":165,"column":4},"end":{"line":167,"column":null}},{"start":{},"end":{}}],"line":165},"4":{"loc":{"start":{"line":183,"column":4},"end":{"line":185,"column":null}},"type":"if","locations":[{"start":{"line":183,"column":4},"end":{"line":185,"column":null}},{"start":{},"end":{}}],"line":183},"5":{"loc":{"start":{"line":191,"column":4},"end":{"line":200,"column":null}},"type":"if","locations":[{"start":{"line":191,"column":4},"end":{"line":200,"column":null}},{"start":{},"end":{}}],"line":191}},"s":{"0":5,"1":7,"2":7,"3":7,"4":7,"5":1,"6":0,"7":1,"8":0,"9":0,"10":0,"11":1,"12":1,"13":1,"14":187,"15":0,"16":0,"17":0,"18":0,"19":0,"20":0,"21":0,"22":0,"23":0,"24":0,"25":1,"26":1,"27":1,"28":0,"29":112,"30":2,"31":0,"32":2,"33":2,"34":7,"35":0,"36":7,"37":7,"38":0,"39":0,"40":0,"41":5},"f":{"0":7,"1":1,"2":0,"3":187,"4":0,"5":0,"6":0,"7":0,"8":0,"9":0,"10":1,"11":0,"12":112,"13":2,"14":7},"b":{"0":[7,0],"1":[0,1],"2":[0,0],"3":[0,2],"4":[0,7],"5":[0,7]},"meta":{"lastBranch":6,"lastFunction":15,"lastStatement":42,"seen":{"s:17:7:201:Infinity":0,"s:19:40:19:42":1,"s:22:29:22:30":2,"f:25:2:25:Infinity":0,"b:28:4:31:Infinity:undefined:undefined:undefined:undefined":0,"s:28:4:31:Infinity":3,"s:30:6:30:Infinity":4,"f:38:2:38:18":1,"s:40:29:40:85":5,"f:40:48:40:49":2,"s:40:58:40:84":6,"b:43:4:51:Infinity:undefined:undefined:undefined:undefined":1,"s:43:4:51:Infinity":7,"s:45:6:45:Infinity":8,"s:48:6:48:Infinity":9,"s:50:6:50:Infinity":10,"s:54:41:60:Infinity":11,"s:63:4:63:Infinity":12,"s:66:4:66:Infinity":13,"f:73:2:73:13":3,"s:75:4:75:Infinity":14,"f:82:2:82:20":4,"s:84:4:84:Infinity":15,"s:87:4:87:Infinity":16,"f:94:2:94:20":5,"b:96:4:102:Infinity:undefined:undefined:undefined:undefined":2,"s:96:4:102:Infinity":17,"s:98:6:98:Infinity":18,"s:101:6:101:Infinity":19,"f:109:2:109:16":6,"s:111:4:111:Infinity":20,"f:111:41:111:42":7,"s:111:51:111:67":21,"s:114:4:114:Infinity":22,"f:121:2:121:10":8,"s:123:4:123:Infinity":23,"f:123:32:123:33":9,"s:123:52:123:94":24,"f:130:2:130:16":10,"s:132:4:132:Infinity":25,"s:135:4:135:Infinity":26,"s:138:4:138:Infinity":27,"f:145:2:145:17":11,"s:147:4:147:Infinity":28,"f:154:2:154:13":12,"s:156:4:156:Infinity":29,"f:163:10:163:24":13,"b:165:4:167:Infinity:undefined:undefined:undefined:undefined":3,"s:165:4:167:Infinity":30,"s:166:6:166:Infinity":31,"s:171:27:171:56":32,"s:174:4:174:Infinity":33,"f:181:10:181:26":14,"b:183:4:185:Infinity:undefined:undefined:undefined:undefined":4,"s:183:4:185:Infinity":34,"s:184:6:184:Infinity":35,"s:188:27:188:59":36,"b:191:4:200:Infinity:undefined:undefined:undefined:undefined":5,"s:191:4:200:Infinity":37,"s:192:6:199:Infinity":38,"s:194:8:194:Infinity":39,"s:198:8:198:Infinity":40,"s:17:13:202:Infinity":41},"fnNames":{}}}
,"C:\\cafeteria\\cafeteria\\src\\app\\features\\carrinho\\carrinho\\carrinho.ts": {"path":"C:\\cafeteria\\cafeteria\\src\\app\\features\\carrinho\\carrinho\\carrinho.ts","statementMap":{"0":{"start":{"line":54,"column":7},"end":{"line":310,"column":null}},"1":{"start":{"line":165,"column":24},"end":{"line":165,"column":26}},"2":{"start":{"line":172,"column":21},"end":{"line":172,"column":22}},"3":{"start":{"line":178,"column":26},"end":{"line":178,"column":28}},"4":{"start":{"line":65,"column":22},"end":{"line":65,"column":54}},"5":{"start":{"line":85,"column":4},"end":{"line":85,"column":null}},"6":{"start":{"line":106,"column":4},"end":{"line":106,"column":null}},"7":{"start":{"line":118,"column":4},"end":{"line":118,"column":null}},"8":{"start":{"line":130,"column":4},"end":{"line":130,"column":null}},"9":{"start":{"line":142,"column":4},"end":{"line":154,"column":null}},"10":{"start":{"line":153,"column":6},"end":{"line":153,"column":null}},"11":{"start":{"line":201,"column":18},"end":{"line":201,"column":55}},"12":{"start":{"line":207,"column":4},"end":{"line":227,"column":null}},"13":{"start":{"line":216,"column":6},"end":{"line":216,"column":null}},"14":{"start":{"line":220,"column":6},"end":{"line":220,"column":null}},"15":{"start":{"line":226,"column":6},"end":{"line":226,"column":null}},"16":{"start":{"line":233,"column":4},"end":{"line":264,"column":null}},"17":{"start":{"line":236,"column":6},"end":{"line":236,"column":null}},"18":{"start":{"line":247,"column":6},"end":{"line":255,"column":null}},"19":{"start":{"line":254,"column":8},"end":{"line":254,"column":null}},"20":{"start":{"line":259,"column":6},"end":{"line":259,"column":null}},"21":{"start":{"line":263,"column":6},"end":{"line":263,"column":null}},"22":{"start":{"line":273,"column":4},"end":{"line":273,"column":null}},"23":{"start":{"line":278,"column":4},"end":{"line":278,"column":null}},"24":{"start":{"line":295,"column":4},"end":{"line":295,"column":null}},"25":{"start":{"line":309,"column":4},"end":{"line":309,"column":null}},"26":{"start":{"line":54,"column":13},"end":{"line":311,"column":null}}},"fnMap":{"0":{"name":"constructor","decl":{"start":{"line":65,"column":2},"end":{"line":65,"column":22}},"loc":{"start":{"line":65,"column":54},"end":{"line":65,"column":null}},"line":65},"1":{"name":"produtos","decl":{"start":{"line":82,"column":6},"end":{"line":82,"column":14}},"loc":{"start":{"line":82,"column":14},"end":{"line":86,"column":null}},"line":82},"2":{"name":"aumentarQuantidade","decl":{"start":{"line":99,"column":2},"end":{"line":99,"column":20}},"loc":{"start":{"line":99,"column":45},"end":{"line":107,"column":null}},"line":99},"3":{"name":"diminuirQuantidade","decl":{"start":{"line":114,"column":2},"end":{"line":114,"column":20}},"loc":{"start":{"line":114,"column":45},"end":{"line":119,"column":null}},"line":114},"4":{"name":"removerProduto","decl":{"start":{"line":126,"column":2},"end":{"line":126,"column":16}},"loc":{"start":{"line":126,"column":41},"end":{"line":131,"column":null}},"line":126},"5":{"name":"subtotal","decl":{"start":{"line":138,"column":6},"end":{"line":138,"column":14}},"loc":{"start":{"line":138,"column":14},"end":{"line":157,"column":null}},"line":138},"6":{"name":"(anonymous_6)","decl":{"start":{"line":142,"column":32},"end":{"line":142,"column":33}},"loc":{"start":{"line":142,"column":51},"end":{"line":154,"column":5}},"line":142},"7":{"name":"aplicarCupom","decl":{"start":{"line":185,"column":2},"end":{"line":185,"column":14}},"loc":{"start":{"line":185,"column":14},"end":{"line":279,"column":null}},"line":185},"8":{"name":"total","decl":{"start":{"line":285,"column":6},"end":{"line":285,"column":11}},"loc":{"start":{"line":285,"column":11},"end":{"line":296,"column":null}},"line":285},"9":{"name":"continuarParaCheckout","decl":{"start":{"line":303,"column":2},"end":{"line":303,"column":23}},"loc":{"start":{"line":303,"column":23},"end":{"line":310,"column":null}},"line":303}},"branchMap":{"0":{"loc":{"start":{"line":207,"column":4},"end":{"line":227,"column":null}},"type":"if","locations":[{"start":{"line":207,"column":4},"end":{"line":227,"column":null}},{"start":{},"end":{}}],"line":207},"1":{"loc":{"start":{"line":233,"column":4},"end":{"line":264,"column":null}},"type":"if","locations":[{"start":{"line":233,"column":4},"end":{"line":264,"column":null}},{"start":{},"end":{}}],"line":233},"2":{"loc":{"start":{"line":247,"column":6},"end":{"line":255,"column":null}},"type":"if","locations":[{"start":{"line":247,"column":6},"end":{"line":255,"column":null}},{"start":{},"end":{}}],"line":247}},"s":{"0":1,"1":1,"2":1,"3":1,"4":1,"5":10,"6":0,"7":0,"8":0,"9":4,"10":0,"11":0,"12":0,"13":0,"14":0,"15":0,"16":0,"17":0,"18":0,"19":0,"20":0,"21":0,"22":0,"23":0,"24":2,"25":0,"26":1},"f":{"0":1,"1":10,"2":0,"3":0,"4":0,"5":4,"6":0,"7":0,"8":2,"9":0},"b":{"0":[0,0],"1":[0,0],"2":[0,0]},"meta":{"lastBranch":3,"lastFunction":10,"lastStatement":27,"seen":{"s:54:7:310:Infinity":0,"s:165:24:165:26":1,"s:172:21:172:22":2,"s:178:26:178:28":3,"f:65:2:65:22":0,"s:65:22:65:54":4,"f:82:6:82:14":1,"s:85:4:85:Infinity":5,"f:99:2:99:20":2,"s:106:4:106:Infinity":6,"f:114:2:114:20":3,"s:118:4:118:Infinity":7,"f:126:2:126:16":4,"s:130:4:130:Infinity":8,"f:138:6:138:14":5,"s:142:4:154:Infinity":9,"f:142:32:142:33":6,"s:153:6:153:Infinity":10,"f:185:2:185:14":7,"s:201:18:201:55":11,"b:207:4:227:Infinity:undefined:undefined:undefined:undefined":0,"s:207:4:227:Infinity":12,"s:216:6:216:Infinity":13,"s:220:6:220:Infinity":14,"s:226:6:226:Infinity":15,"b:233:4:264:Infinity:undefined:undefined:undefined:undefined":1,"s:233:4:264:Infinity":16,"s:236:6:236:Infinity":17,"b:247:6:255:Infinity:undefined:undefined:undefined:undefined":2,"s:247:6:255:Infinity":18,"s:254:8:254:Infinity":19,"s:259:6:259:Infinity":20,"s:263:6:263:Infinity":21,"s:273:4:273:Infinity":22,"s:278:4:278:Infinity":23,"f:285:6:285:11":8,"s:295:4:295:Infinity":24,"f:303:2:303:23":9,"s:309:4:309:Infinity":25,"s:54:13:311:Infinity":26},"fnNames":{}}}
,"C:\\cafeteria\\cafeteria\\src\\app\\features\\checkout\\checkout.css": {"path":"C:\\cafeteria\\cafeteria\\src\\app\\features\\checkout\\checkout.css","statementMap":{},"fnMap":{},"branchMap":{},"s":{},"f":{},"b":{},"meta":{"lastBranch":0,"lastFunction":0,"lastStatement":0,"seen":{},"fnNames":{}}}
,"C:\\cafeteria\\cafeteria\\src\\app\\features\\checkout\\checkout.ts": {"path":"C:\\cafeteria\\cafeteria\\src\\app\\features\\checkout\\checkout.ts","statementMap":{"0":{"start":{"line":53,"column":7},"end":{"line":428,"column":null}},"1":{"start":{"line":86,"column":16},"end":{"line":86,"column":18}},"2":{"start":{"line":88,"column":17},"end":{"line":88,"column":19}},"3":{"start":{"line":91,"column":21},"end":{"line":91,"column":23}},"4":{"start":{"line":94,"column":21},"end":{"line":94,"column":23}},"5":{"start":{"line":97,"column":19},"end":{"line":97,"column":21}},"6":{"start":{"line":100,"column":19},"end":{"line":100,"column":21}},"7":{"start":{"line":105,"column":24},"end":{"line":105,"column":26}},"8":{"start":{"line":121,"column":27},"end":{"line":121,"column":29}},"9":{"start":{"line":134,"column":23},"end":{"line":134,"column":25}},"10":{"start":{"line":147,"column":33},"end":{"line":147,"column":37}},"11":{"start":{"line":158,"column":23},"end":{"line":158,"column":24}},"12":{"start":{"line":227,"column":30},"end":{"line":227,"column":35}},"13":{"start":{"line":230,"column":25},"end":{"line":230,"column":26}},"14":{"start":{"line":234,"column":24},"end":{"line":234,"column":25}},"15":{"start":{"line":238,"column":27},"end":{"line":238,"column":28}},"16":{"start":{"line":63,"column":10},"end":{"line":63,"column":42}},"17":{"start":{"line":64,"column":10},"end":{"line":64,"column":32}},"18":{"start":{"line":78,"column":4},"end":{"line":78,"column":null}},"19":{"start":{"line":174,"column":4},"end":{"line":174,"column":null}},"20":{"start":{"line":191,"column":4},"end":{"line":202,"column":null}},"21":{"start":{"line":197,"column":8},"end":{"line":197,"column":null}},"22":{"start":{"line":213,"column":4},"end":{"line":213,"column":null}},"23":{"start":{"line":245,"column":2},"end":{"line":254,"column":null}},"24":{"start":{"line":247,"column":6},"end":{"line":249,"column":null}},"25":{"start":{"line":248,"column":8},"end":{"line":248,"column":null}},"26":{"start":{"line":251,"column":6},"end":{"line":251,"column":null}},"27":{"start":{"line":252,"column":6},"end":{"line":252,"column":null}},"28":{"start":{"line":262,"column":4},"end":{"line":266,"column":null}},"29":{"start":{"line":263,"column":6},"end":{"line":263,"column":null}},"30":{"start":{"line":265,"column":6},"end":{"line":265,"column":null}},"31":{"start":{"line":272,"column":4},"end":{"line":276,"column":null}},"32":{"start":{"line":273,"column":6},"end":{"line":273,"column":null}},"33":{"start":{"line":275,"column":6},"end":{"line":275,"column":null}},"34":{"start":{"line":282,"column":4},"end":{"line":286,"column":null}},"35":{"start":{"line":283,"column":6},"end":{"line":283,"column":null}},"36":{"start":{"line":285,"column":6},"end":{"line":285,"column":null}},"37":{"start":{"line":292,"column":4},"end":{"line":296,"column":null}},"38":{"start":{"line":293,"column":6},"end":{"line":293,"column":null}},"39":{"start":{"line":295,"column":6},"end":{"line":295,"column":null}},"40":{"start":{"line":302,"column":4},"end":{"line":306,"column":null}},"41":{"start":{"line":303,"column":6},"end":{"line":303,"column":null}},"42":{"start":{"line":305,"column":6},"end":{"line":305,"column":null}},"43":{"start":{"line":312,"column":4},"end":{"line":316,"column":null}},"44":{"start":{"line":313,"column":6},"end":{"line":313,"column":null}},"45":{"start":{"line":315,"column":6},"end":{"line":315,"column":null}},"46":{"start":{"line":324,"column":4},"end":{"line":328,"column":null}},"47":{"start":{"line":325,"column":6},"end":{"line":325,"column":null}},"48":{"start":{"line":327,"column":6},"end":{"line":327,"column":null}},"49":{"start":{"line":336,"column":4},"end":{"line":340,"column":null}},"50":{"start":{"line":337,"column":6},"end":{"line":337,"column":null}},"51":{"start":{"line":339,"column":6},"end":{"line":339,"column":null}},"52":{"start":{"line":348,"column":4},"end":{"line":352,"column":null}},"53":{"start":{"line":349,"column":6},"end":{"line":349,"column":null}},"54":{"start":{"line":351,"column":6},"end":{"line":351,"column":null}},"55":{"start":{"line":369,"column":4},"end":{"line":377,"column":null}},"56":{"start":{"line":374,"column":6},"end":{"line":374,"column":null}},"57":{"start":{"line":376,"column":6},"end":{"line":376,"column":null}},"58":{"start":{"line":387,"column":4},"end":{"line":387,"column":null}},"59":{"start":{"line":390,"column":4},"end":{"line":390,"column":null}},"60":{"start":{"line":400,"column":4},"end":{"line":400,"column":null}},"61":{"start":{"line":419,"column":4},"end":{"line":419,"column":null}},"62":{"start":{"line":427,"column":4},"end":{"line":427,"column":null}},"63":{"start":{"line":53,"column":13},"end":{"line":429,"column":null}}},"fnMap":{"0":{"name":"constructor","decl":{"start":{"line":62,"column":2},"end":{"line":62,"column":null}},"loc":{"start":{"line":64,"column":32},"end":{"line":65,"column":null}},"line":64},"1":{"name":"produtos","decl":{"start":{"line":77,"column":6},"end":{"line":77,"column":14}},"loc":{"start":{"line":77,"column":14},"end":{"line":79,"column":null}},"line":77},"2":{"name":"desconto","decl":{"start":{"line":173,"column":6},"end":{"line":173,"column":14}},"loc":{"start":{"line":173,"column":14},"end":{"line":175,"column":null}},"line":173},"3":{"name":"subtotal","decl":{"start":{"line":190,"column":6},"end":{"line":190,"column":14}},"loc":{"start":{"line":190,"column":14},"end":{"line":203,"column":null}},"line":190},"4":{"name":"(anonymous_4)","decl":{"start":{"line":192,"column":6},"end":{"line":192,"column":7}},"loc":{"start":{"line":192,"column":25},"end":{"line":198,"column":7}},"line":192},"5":{"name":"total","decl":{"start":{"line":212,"column":6},"end":{"line":212,"column":11}},"loc":{"start":{"line":212,"column":11},"end":{"line":214,"column":null}},"line":212},"6":{"name":"buscarCep","decl":{"start":{"line":244,"column":2},"end":{"line":244,"column":11}},"loc":{"start":{"line":244,"column":11},"end":{"line":255,"column":null}},"line":244},"7":{"name":"(anonymous_7)","decl":{"start":{"line":246,"column":10},"end":{"line":246,"column":11}},"loc":{"start":{"line":246,"column":20},"end":{"line":253,"column":null}},"line":246},"8":{"name":"finalizarPedido","decl":{"start":{"line":257,"column":2},"end":{"line":257,"column":17}},"loc":{"start":{"line":257,"column":17},"end":{"line":428,"column":null}},"line":257}},"branchMap":{"0":{"loc":{"start":{"line":247,"column":6},"end":{"line":249,"column":null}},"type":"if","locations":[{"start":{"line":247,"column":6},"end":{"line":249,"column":null}},{"start":{},"end":{}}],"line":247},"1":{"loc":{"start":{"line":262,"column":4},"end":{"line":266,"column":null}},"type":"if","locations":[{"start":{"line":262,"column":4},"end":{"line":266,"column":null}},{"start":{},"end":{}}],"line":262},"2":{"loc":{"start":{"line":272,"column":4},"end":{"line":276,"column":null}},"type":"if","locations":[{"start":{"line":272,"column":4},"end":{"line":276,"column":null}},{"start":{},"end":{}}],"line":272},"3":{"loc":{"start":{"line":282,"column":4},"end":{"line":286,"column":null}},"type":"if","locations":[{"start":{"line":282,"column":4},"end":{"line":286,"column":null}},{"start":{},"end":{}}],"line":282},"4":{"loc":{"start":{"line":292,"column":4},"end":{"line":296,"column":null}},"type":"if","locations":[{"start":{"line":292,"column":4},"end":{"line":296,"column":null}},{"start":{},"end":{}}],"line":292},"5":{"loc":{"start":{"line":302,"column":4},"end":{"line":306,"column":null}},"type":"if","locations":[{"start":{"line":302,"column":4},"end":{"line":306,"column":null}},{"start":{},"end":{}}],"line":302},"6":{"loc":{"start":{"line":312,"column":4},"end":{"line":316,"column":null}},"type":"if","locations":[{"start":{"line":312,"column":4},"end":{"line":316,"column":null}},{"start":{},"end":{}}],"line":312},"7":{"loc":{"start":{"line":324,"column":4},"end":{"line":328,"column":null}},"type":"if","locations":[{"start":{"line":324,"column":4},"end":{"line":328,"column":null}},{"start":{},"end":{}}],"line":324},"8":{"loc":{"start":{"line":336,"column":4},"end":{"line":340,"column":null}},"type":"if","locations":[{"start":{"line":336,"column":4},"end":{"line":340,"column":null}},{"start":{},"end":{}}],"line":336},"9":{"loc":{"start":{"line":336,"column":8},"end":{"line":336,"column":66}},"type":"binary-expr","locations":[{"start":{"line":336,"column":8},"end":{"line":336,"column":40}},{"start":{"line":336,"column":44},"end":{"line":336,"column":66}}],"line":336},"10":{"loc":{"start":{"line":348,"column":4},"end":{"line":352,"column":null}},"type":"if","locations":[{"start":{"line":348,"column":4},"end":{"line":352,"column":null}},{"start":{},"end":{}}],"line":348},"11":{"loc":{"start":{"line":348,"column":8},"end":{"line":348,"column":72}},"type":"binary-expr","locations":[{"start":{"line":348,"column":8},"end":{"line":348,"column":42}},{"start":{"line":348,"column":46},"end":{"line":348,"column":72}}],"line":348},"12":{"loc":{"start":{"line":369,"column":4},"end":{"line":377,"column":null}},"type":"if","locations":[{"start":{"line":369,"column":4},"end":{"line":377,"column":null}},{"start":{},"end":{}}],"line":369},"13":{"loc":{"start":{"line":370,"column":6},"end":{"line":372,"column":35}},"type":"binary-expr","locations":[{"start":{"line":370,"column":6},"end":{"line":370,"column":40}},{"start":{"line":371,"column":6},"end":{"line":371,"column":32}},{"start":{"line":372,"column":6},"end":{"line":372,"column":35}}],"line":370}},"s":{"0":1,"1":1,"2":1,"3":1,"4":1,"5":1,"6":1,"7":1,"8":1,"9":1,"10":1,"11":1,"12":1,"13":1,"14":1,"15":1,"16":1,"17":1,"18":167,"19":112,"20":111,"21":111,"22":56,"23":0,"24":0,"25":0,"26":0,"27":0,"28":1,"29":0,"30":0,"31":1,"32":0,"33":0,"34":1,"35":0,"36":0,"37":1,"38":0,"39":0,"40":1,"41":0,"42":0,"43":1,"44":0,"45":0,"46":1,"47":0,"48":0,"49":1,"50":0,"51":0,"52":1,"53":0,"54":0,"55":1,"56":0,"57":0,"58":1,"59":1,"60":1,"61":1,"62":1,"63":1},"f":{"0":1,"1":167,"2":112,"3":111,"4":111,"5":56,"6":0,"7":0,"8":1},"b":{"0":[0,0],"1":[0,1],"2":[0,1],"3":[0,1],"4":[0,1],"5":[0,1],"6":[0,1],"7":[0,1],"8":[0,1],"9":[1,0],"10":[0,1],"11":[1,0],"12":[0,1],"13":[1,0,0]},"meta":{"lastBranch":14,"lastFunction":9,"lastStatement":64,"seen":{"s:53:7:428:Infinity":0,"s:86:16:86:18":1,"s:88:17:88:19":2,"s:91:21:91:23":3,"s:94:21:94:23":4,"s:97:19:97:21":5,"s:100:19:100:21":6,"s:105:24:105:26":7,"s:121:27:121:29":8,"s:134:23:134:25":9,"s:147:33:147:37":10,"s:158:23:158:24":11,"s:227:30:227:35":12,"s:230:25:230:26":13,"s:234:24:234:25":14,"s:238:27:238:28":15,"f:62:2:62:Infinity":0,"s:63:10:63:42":16,"s:64:10:64:32":17,"f:77:6:77:14":1,"s:78:4:78:Infinity":18,"f:173:6:173:14":2,"s:174:4:174:Infinity":19,"f:190:6:190:14":3,"s:191:4:202:Infinity":20,"f:192:6:192:7":4,"s:197:8:197:Infinity":21,"f:212:6:212:11":5,"s:213:4:213:Infinity":22,"f:244:2:244:11":6,"s:245:2:254:Infinity":23,"f:246:10:246:11":7,"b:247:6:249:Infinity:undefined:undefined:undefined:undefined":0,"s:247:6:249:Infinity":24,"s:248:8:248:Infinity":25,"s:251:6:251:Infinity":26,"s:252:6:252:Infinity":27,"f:257:2:257:17":8,"b:262:4:266:Infinity:undefined:undefined:undefined:undefined":1,"s:262:4:266:Infinity":28,"s:263:6:263:Infinity":29,"s:265:6:265:Infinity":30,"b:272:4:276:Infinity:undefined:undefined:undefined:undefined":2,"s:272:4:276:Infinity":31,"s:273:6:273:Infinity":32,"s:275:6:275:Infinity":33,"b:282:4:286:Infinity:undefined:undefined:undefined:undefined":3,"s:282:4:286:Infinity":34,"s:283:6:283:Infinity":35,"s:285:6:285:Infinity":36,"b:292:4:296:Infinity:undefined:undefined:undefined:undefined":4,"s:292:4:296:Infinity":37,"s:293:6:293:Infinity":38,"s:295:6:295:Infinity":39,"b:302:4:306:Infinity:undefined:undefined:undefined:undefined":5,"s:302:4:306:Infinity":40,"s:303:6:303:Infinity":41,"s:305:6:305:Infinity":42,"b:312:4:316:Infinity:undefined:undefined:undefined:undefined":6,"s:312:4:316:Infinity":43,"s:313:6:313:Infinity":44,"s:315:6:315:Infinity":45,"b:324:4:328:Infinity:undefined:undefined:undefined:undefined":7,"s:324:4:328:Infinity":46,"s:325:6:325:Infinity":47,"s:327:6:327:Infinity":48,"b:336:4:340:Infinity:undefined:undefined:undefined:undefined":8,"s:336:4:340:Infinity":49,"b:336:8:336:40:336:44:336:66":9,"s:337:6:337:Infinity":50,"s:339:6:339:Infinity":51,"b:348:4:352:Infinity:undefined:undefined:undefined:undefined":10,"s:348:4:352:Infinity":52,"b:348:8:348:42:348:46:348:72":11,"s:349:6:349:Infinity":53,"s:351:6:351:Infinity":54,"b:369:4:377:Infinity:undefined:undefined:undefined:undefined":12,"s:369:4:377:Infinity":55,"b:370:6:370:40:371:6:371:32:372:6:372:35":13,"s:374:6:374:Infinity":56,"s:376:6:376:Infinity":57,"s:387:4:387:Infinity":58,"s:390:4:390:Infinity":59,"s:400:4:400:Infinity":60,"s:419:4:419:Infinity":61,"s:427:4:427:Infinity":62,"s:53:13:429:Infinity":63},"fnNames":{}}}
,"C:\\cafeteria\\cafeteria\\src\\app\\features\\contatos\\contatos.css": {"path":"C:\\cafeteria\\cafeteria\\src\\app\\features\\contatos\\contatos.css","statementMap":{},"fnMap":{},"branchMap":{},"s":{},"f":{},"b":{},"meta":{"lastBranch":0,"lastFunction":0,"lastStatement":0,"seen":{},"fnNames":{}}}
,"C:\\cafeteria\\cafeteria\\src\\app\\features\\contatos\\contatos.ts": {"path":"C:\\cafeteria\\cafeteria\\src\\app\\features\\contatos\\contatos.ts","statementMap":{"0":{"start":{"line":10,"column":7},"end":{"line":10,"column":null}},"1":{"start":{"line":10,"column":13},"end":{"line":10,"column":null}}},"fnMap":{},"branchMap":{},"s":{"0":1,"1":1},"f":{},"b":{},"meta":{"lastBranch":0,"lastFunction":0,"lastStatement":2,"seen":{"s:10:7:10:Infinity":0,"s:10:13:10:Infinity":1},"fnNames":{}}}
,"C:\\cafeteria\\cafeteria\\src\\app\\features\\home\\home\\home.css": {"path":"C:\\cafeteria\\cafeteria\\src\\app\\features\\home\\home\\home.css","statementMap":{},"fnMap":{},"branchMap":{},"s":{},"f":{},"b":{},"meta":{"lastBranch":0,"lastFunction":0,"lastStatement":0,"seen":{},"fnNames":{}}}
,"C:\\cafeteria\\cafeteria\\src\\app\\features\\home\\home\\home.ts": {"path":"C:\\cafeteria\\cafeteria\\src\\app\\features\\home\\home\\home.ts","statementMap":{"0":{"start":{"line":24,"column":7},"end":{"line":46,"column":null}},"1":{"start":{"line":27,"column":17},"end":{"line":27,"column":30}},"2":{"start":{"line":28,"column":22},"end":{"line":28,"column":35}},"3":{"start":{"line":29,"column":15},"end":{"line":29,"column":28}},"4":{"start":{"line":31,"column":23},"end":{"line":31,"column":55}},"5":{"start":{"line":35,"column":6},"end":{"line":37,"column":null}},"6":{"start":{"line":36,"column":8},"end":{"line":36,"column":null}},"7":{"start":{"line":41,"column":4},"end":{"line":41,"column":null}},"8":{"start":{"line":41,"column":39},"end":{"line":41,"column":46}},"9":{"start":{"line":45,"column":4},"end":{"line":45,"column":null}},"10":{"start":{"line":24,"column":13},"end":{"line":49,"column":null}}},"fnMap":{"0":{"name":"constructor","decl":{"start":{"line":31,"column":3},"end":{"line":31,"column":23}},"loc":{"start":{"line":31,"column":55},"end":{"line":31,"column":null}},"line":31},"1":{"name":"quantidadeCarrinho","decl":{"start":{"line":34,"column":8},"end":{"line":34,"column":26}},"loc":{"start":{"line":34,"column":26},"end":{"line":38,"column":null}},"line":34},"2":{"name":"(anonymous_2)","decl":{"start":{"line":35,"column":55},"end":{"line":35,"column":56}},"loc":{"start":{"line":35,"column":74},"end":{"line":37,"column":7}},"line":35},"3":{"name":"alternarMenu","decl":{"start":{"line":40,"column":2},"end":{"line":40,"column":14}},"loc":{"start":{"line":40,"column":14},"end":{"line":42,"column":null}},"line":40},"4":{"name":"(anonymous_4)","decl":{"start":{"line":41,"column":27},"end":{"line":41,"column":28}},"loc":{"start":{"line":41,"column":39},"end":{"line":41,"column":46}},"line":41},"5":{"name":"fecharMenu","decl":{"start":{"line":44,"column":2},"end":{"line":44,"column":12}},"loc":{"start":{"line":44,"column":12},"end":{"line":46,"column":null}},"line":44}},"branchMap":{},"s":{"0":1,"1":2,"2":2,"3":2,"4":2,"5":0,"6":0,"7":0,"8":0,"9":0,"10":1},"f":{"0":2,"1":0,"2":0,"3":0,"4":0,"5":0},"b":{},"meta":{"lastBranch":0,"lastFunction":6,"lastStatement":11,"seen":{"s:24:7:46:Infinity":0,"s:27:17:27:30":1,"s:28:22:28:35":2,"s:29:15:29:28":3,"f:31:3:31:23":0,"s:31:23:31:55":4,"f:34:8:34:26":1,"s:35:6:37:Infinity":5,"f:35:55:35:56":2,"s:36:8:36:Infinity":6,"f:40:2:40:14":3,"s:41:4:41:Infinity":7,"f:41:27:41:28":4,"s:41:39:41:46":8,"f:44:2:44:12":5,"s:45:4:45:Infinity":9,"s:24:13:49:Infinity":10},"fnNames":{}}}
,"C:\\cafeteria\\cafeteria\\src\\app\\features\\home\\home\\pginicial\\local\\local.css": {"path":"C:\\cafeteria\\cafeteria\\src\\app\\features\\home\\home\\pginicial\\local\\local.css","statementMap":{},"fnMap":{},"branchMap":{},"s":{},"f":{},"b":{},"meta":{"lastBranch":0,"lastFunction":0,"lastStatement":0,"seen":{},"fnNames":{}}}
,"C:\\cafeteria\\cafeteria\\src\\app\\features\\home\\home\\pginicial\\local\\local.ts": {"path":"C:\\cafeteria\\cafeteria\\src\\app\\features\\home\\home\\pginicial\\local\\local.ts","statementMap":{"0":{"start":{"line":9,"column":7},"end":{"line":11,"column":null}},"1":{"start":{"line":10,"column":17},"end":{"line":10,"column":32}},"2":{"start":{"line":9,"column":13},"end":{"line":11,"column":null}}},"fnMap":{},"branchMap":{},"s":{"0":2,"1":3,"2":2},"f":{},"b":{},"meta":{"lastBranch":0,"lastFunction":0,"lastStatement":3,"seen":{"s:9:7:11:Infinity":0,"s:10:17:10:32":1,"s:9:13:11:Infinity":2},"fnNames":{}}}
,"C:\\cafeteria\\cafeteria\\src\\app\\features\\home\\home\\pginicial\\menu\\menu.css": {"path":"C:\\cafeteria\\cafeteria\\src\\app\\features\\home\\home\\pginicial\\menu\\menu.css","statementMap":{},"fnMap":{},"branchMap":{},"s":{},"f":{},"b":{},"meta":{"lastBranch":0,"lastFunction":0,"lastStatement":0,"seen":{},"fnNames":{}}}
,"C:\\cafeteria\\cafeteria\\src\\app\\features\\home\\home\\pginicial\\menu\\menu.ts": {"path":"C:\\cafeteria\\cafeteria\\src\\app\\features\\home\\home\\pginicial\\menu\\menu.ts","statementMap":{"0":{"start":{"line":16,"column":7},"end":{"line":61,"column":null}},"1":{"start":{"line":21,"column":20},"end":{"line":21,"column":30}},"2":{"start":{"line":23,"column":24},"end":{"line":23,"column":38}},"3":{"start":{"line":29,"column":15},"end":{"line":29,"column":28}},"4":{"start":{"line":35,"column":22},"end":{"line":35,"column":54}},"5":{"start":{"line":42,"column":4},"end":{"line":44,"column":null}},"6":{"start":{"line":44,"column":34},"end":{"line":44,"column":60}},"7":{"start":{"line":52,"column":4},"end":{"line":52,"column":null}},"8":{"start":{"line":52,"column":39},"end":{"line":52,"column":46}},"9":{"start":{"line":60,"column":4},"end":{"line":60,"column":null}},"10":{"start":{"line":16,"column":13},"end":{"line":62,"column":null}}},"fnMap":{"0":{"name":"constructor","decl":{"start":{"line":35,"column":2},"end":{"line":35,"column":22}},"loc":{"start":{"line":35,"column":54},"end":{"line":35,"column":null}},"line":35},"1":{"name":"quantidadeCarrinho","decl":{"start":{"line":41,"column":6},"end":{"line":41,"column":24}},"loc":{"start":{"line":41,"column":24},"end":{"line":45,"column":null}},"line":41},"2":{"name":"(anonymous_2)","decl":{"start":{"line":44,"column":14},"end":{"line":44,"column":15}},"loc":{"start":{"line":44,"column":34},"end":{"line":44,"column":60}},"line":44},"3":{"name":"alternarMenu","decl":{"start":{"line":51,"column":2},"end":{"line":51,"column":14}},"loc":{"start":{"line":51,"column":14},"end":{"line":53,"column":null}},"line":51},"4":{"name":"(anonymous_4)","decl":{"start":{"line":52,"column":27},"end":{"line":52,"column":28}},"loc":{"start":{"line":52,"column":39},"end":{"line":52,"column":46}},"line":52},"5":{"name":"fecharMenu","decl":{"start":{"line":59,"column":2},"end":{"line":59,"column":12}},"loc":{"start":{"line":59,"column":12},"end":{"line":61,"column":null}},"line":59}},"branchMap":{},"s":{"0":3,"1":9,"2":9,"3":9,"4":9,"5":18,"6":0,"7":0,"8":0,"9":0,"10":3},"f":{"0":9,"1":18,"2":0,"3":0,"4":0,"5":0},"b":{},"meta":{"lastBranch":0,"lastFunction":6,"lastStatement":11,"seen":{"s:16:7:61:Infinity":0,"s:21:20:21:30":1,"s:23:24:23:38":2,"s:29:15:29:28":3,"f:35:2:35:22":0,"s:35:22:35:54":4,"f:41:6:41:24":1,"s:42:4:44:Infinity":5,"f:44:14:44:15":2,"s:44:34:44:60":6,"f:51:2:51:14":3,"s:52:4:52:Infinity":7,"f:52:27:52:28":4,"s:52:39:52:46":8,"f:59:2:59:12":5,"s:60:4:60:Infinity":9,"s:16:13:62:Infinity":10},"fnNames":{}}}
,"C:\\cafeteria\\cafeteria\\src\\app\\features\\home\\home\\pginicial\\playlist\\playlist.css": {"path":"C:\\cafeteria\\cafeteria\\src\\app\\features\\home\\home\\pginicial\\playlist\\playlist.css","statementMap":{},"fnMap":{},"branchMap":{},"s":{},"f":{},"b":{},"meta":{"lastBranch":0,"lastFunction":0,"lastStatement":0,"seen":{},"fnNames":{}}}
,"C:\\cafeteria\\cafeteria\\src\\app\\features\\home\\home\\pginicial\\playlist\\playlist.ts": {"path":"C:\\cafeteria\\cafeteria\\src\\app\\features\\home\\home\\pginicial\\playlist\\playlist.ts","statementMap":{"0":{"start":{"line":9,"column":7},"end":{"line":12,"column":null}},"1":{"start":{"line":11,"column":24},"end":{"line":11,"column":42}},"2":{"start":{"line":9,"column":13},"end":{"line":12,"column":null}}},"fnMap":{},"branchMap":{},"s":{"0":2,"1":3,"2":2},"f":{},"b":{},"meta":{"lastBranch":0,"lastFunction":0,"lastStatement":3,"seen":{"s:9:7:12:Infinity":0,"s:11:24:11:42":1,"s:9:13:12:Infinity":2},"fnNames":{}}}
,"C:\\cafeteria\\cafeteria\\src\\app\\features\\home\\home\\pginicial\\rodape\\rodape.css": {"path":"C:\\cafeteria\\cafeteria\\src\\app\\features\\home\\home\\pginicial\\rodape\\rodape.css","statementMap":{},"fnMap":{},"branchMap":{},"s":{},"f":{},"b":{},"meta":{"lastBranch":0,"lastFunction":0,"lastStatement":0,"seen":{},"fnNames":{}}}
,"C:\\cafeteria\\cafeteria\\src\\app\\features\\home\\home\\pginicial\\rodape\\rodape.ts": {"path":"C:\\cafeteria\\cafeteria\\src\\app\\features\\home\\home\\pginicial\\rodape\\rodape.ts","statementMap":{"0":{"start":{"line":9,"column":7},"end":{"line":11,"column":null}},"1":{"start":{"line":10,"column":24},"end":{"line":10,"column":42}},"2":{"start":{"line":9,"column":13},"end":{"line":11,"column":null}}},"fnMap":{},"branchMap":{},"s":{"0":5,"1":18,"2":5},"f":{},"b":{},"meta":{"lastBranch":0,"lastFunction":0,"lastStatement":3,"seen":{"s:9:7:11:Infinity":0,"s:10:24:10:42":1,"s:9:13:11:Infinity":2},"fnNames":{}}}
,"C:\\cafeteria\\cafeteria\\src\\app\\features\\home\\home\\pginicial\\sobre\\sobre.css": {"path":"C:\\cafeteria\\cafeteria\\src\\app\\features\\home\\home\\pginicial\\sobre\\sobre.css","statementMap":{},"fnMap":{},"branchMap":{},"s":{},"f":{},"b":{},"meta":{"lastBranch":0,"lastFunction":0,"lastStatement":0,"seen":{},"fnNames":{}}}
,"C:\\cafeteria\\cafeteria\\src\\app\\features\\home\\home\\pginicial\\sobre\\sobre.ts": {"path":"C:\\cafeteria\\cafeteria\\src\\app\\features\\home\\home\\pginicial\\sobre\\sobre.ts","statementMap":{"0":{"start":{"line":14,"column":7},"end":{"line":18,"column":null}},"1":{"start":{"line":16,"column":21},"end":{"line":16,"column":37}},"2":{"start":{"line":14,"column":13},"end":{"line":18,"column":null}}},"fnMap":{},"branchMap":{},"s":{"0":2,"1":3,"2":2},"f":{},"b":{},"meta":{"lastBranch":0,"lastFunction":0,"lastStatement":3,"seen":{"s:14:7:18:Infinity":0,"s:16:21:16:37":1,"s:14:13:18:Infinity":2},"fnNames":{}}}
,"C:\\cafeteria\\cafeteria\\src\\app\\features\\localizacao\\localizacao.css": {"path":"C:\\cafeteria\\cafeteria\\src\\app\\features\\localizacao\\localizacao.css","statementMap":{},"fnMap":{},"branchMap":{},"s":{},"f":{},"b":{},"meta":{"lastBranch":0,"lastFunction":0,"lastStatement":0,"seen":{},"fnNames":{}}}
,"C:\\cafeteria\\cafeteria\\src\\app\\features\\localizacao\\localizacao.ts": {"path":"C:\\cafeteria\\cafeteria\\src\\app\\features\\localizacao\\localizacao.ts","statementMap":{"0":{"start":{"line":9,"column":7},"end":{"line":9,"column":null}},"1":{"start":{"line":9,"column":13},"end":{"line":9,"column":null}}},"fnMap":{},"branchMap":{},"s":{"0":1,"1":1},"f":{},"b":{},"meta":{"lastBranch":0,"lastFunction":0,"lastStatement":2,"seen":{"s:9:7:9:Infinity":0,"s:9:13:9:Infinity":1},"fnNames":{}}}
,"C:\\cafeteria\\cafeteria\\src\\app\\features\\login\\login\\login.css": {"path":"C:\\cafeteria\\cafeteria\\src\\app\\features\\login\\login\\login.css","statementMap":{},"fnMap":{},"branchMap":{},"s":{},"f":{},"b":{},"meta":{"lastBranch":0,"lastFunction":0,"lastStatement":0,"seen":{},"fnNames":{}}}
,"C:\\cafeteria\\cafeteria\\src\\app\\features\\login\\login\\login.ts": {"path":"C:\\cafeteria\\cafeteria\\src\\app\\features\\login\\login\\login.ts","statementMap":{"0":{"start":{"line":11,"column":25},"end":{"line":11,"column":99}},"1":{"start":{"line":20,"column":7},"end":{"line":120,"column":null}},"2":{"start":{"line":22,"column":9},"end":{"line":22,"column":28}},"3":{"start":{"line":23,"column":19},"end":{"line":23,"column":33}},"4":{"start":{"line":24,"column":18},"end":{"line":24,"column":40}},"5":{"start":{"line":26,"column":10},"end":{"line":26,"column":12}},"6":{"start":{"line":27,"column":10},"end":{"line":27,"column":12}},"7":{"start":{"line":28,"column":14},"end":{"line":28,"column":16}},"8":{"start":{"line":29,"column":14},"end":{"line":29,"column":16}},"9":{"start":{"line":35,"column":4},"end":{"line":38,"column":null}},"10":{"start":{"line":36,"column":6},"end":{"line":36,"column":null}},"11":{"start":{"line":36,"column":32},"end":{"line":36,"column":null}},"12":{"start":{"line":37,"column":6},"end":{"line":37,"column":null}},"13":{"start":{"line":37,"column":45},"end":{"line":37,"column":70}},"14":{"start":{"line":42,"column":4},"end":{"line":55,"column":null}},"15":{"start":{"line":44,"column":6},"end":{"line":47,"column":null}},"16":{"start":{"line":45,"column":8},"end":{"line":45,"column":null}},"17":{"start":{"line":46,"column":8},"end":{"line":46,"column":null}},"18":{"start":{"line":49,"column":21},"end":{"line":49,"column":53}},"19":{"start":{"line":50,"column":6},"end":{"line":50,"column":null}},"20":{"start":{"line":51,"column":6},"end":{"line":51,"column":null}},"21":{"start":{"line":52,"column":6},"end":{"line":52,"column":null}},"22":{"start":{"line":53,"column":6},"end":{"line":53,"column":null}},"23":{"start":{"line":53,"column":28},"end":{"line":53,"column":37}},"24":{"start":{"line":54,"column":6},"end":{"line":54,"column":null}},"25":{"start":{"line":59,"column":4},"end":{"line":62,"column":null}},"26":{"start":{"line":61,"column":54},"end":{"line":61,"column":84}},"27":{"start":{"line":64,"column":22},"end":{"line":64,"column":59}},"28":{"start":{"line":65,"column":4},"end":{"line":72,"column":null}},"29":{"start":{"line":66,"column":6},"end":{"line":71,"column":null}},"30":{"start":{"line":76,"column":20},"end":{"line":76,"column":65}},"31":{"start":{"line":78,"column":4},"end":{"line":81,"column":null}},"32":{"start":{"line":79,"column":6},"end":{"line":79,"column":null}},"33":{"start":{"line":80,"column":6},"end":{"line":80,"column":null}},"34":{"start":{"line":83,"column":22},"end":{"line":83,"column":79}},"35":{"start":{"line":84,"column":4},"end":{"line":84,"column":null}},"36":{"start":{"line":88,"column":4},"end":{"line":88,"column":null}},"37":{"start":{"line":89,"column":4},"end":{"line":89,"column":null}},"38":{"start":{"line":91,"column":27},"end":{"line":91,"column":31}},"39":{"start":{"line":93,"column":4},"end":{"line":96,"column":null}},"40":{"start":{"line":94,"column":6},"end":{"line":94,"column":null}},"41":{"start":{"line":95,"column":6},"end":{"line":95,"column":null}},"42":{"start":{"line":98,"column":4},"end":{"line":101,"column":null}},"43":{"start":{"line":99,"column":6},"end":{"line":99,"column":null}},"44":{"start":{"line":100,"column":6},"end":{"line":100,"column":null}},"45":{"start":{"line":103,"column":4},"end":{"line":105,"column":null}},"46":{"start":{"line":104,"column":6},"end":{"line":104,"column":null}},"47":{"start":{"line":107,"column":20},"end":{"line":107,"column":59}},"48":{"start":{"line":109,"column":4},"end":{"line":112,"column":null}},"49":{"start":{"line":110,"column":6},"end":{"line":110,"column":null}},"50":{"start":{"line":111,"column":6},"end":{"line":111,"column":null}},"51":{"start":{"line":114,"column":22},"end":{"line":114,"column":79}},"52":{"start":{"line":115,"column":4},"end":{"line":115,"column":null}},"53":{"start":{"line":119,"column":4},"end":{"line":119,"column":null}},"54":{"start":{"line":20,"column":13},"end":{"line":121,"column":null}}},"fnMap":{"0":{"name":"constructor","decl":{"start":{"line":31,"column":2},"end":{"line":31,"column":null}},"loc":{"start":{"line":31,"column":2},"end":{"line":39,"column":null}},"line":31},"1":{"name":"(anonymous_1)","decl":{"start":{"line":35,"column":20},"end":{"line":35,"column":23}},"loc":{"start":{"line":35,"column":25},"end":{"line":38,"column":5}},"line":35},"2":{"name":"(anonymous_2)","decl":{"start":{"line":37,"column":39},"end":{"line":37,"column":42}},"loc":{"start":{"line":37,"column":45},"end":{"line":37,"column":70}},"line":37},"3":{"name":"carregarScriptGoogle","decl":{"start":{"line":41,"column":10},"end":{"line":41,"column":30}},"loc":{"start":{"line":41,"column":30},"end":{"line":56,"column":null}},"line":41},"4":{"name":"(anonymous_4)","decl":{"start":{"line":42,"column":23},"end":{"line":42,"column":24}},"loc":{"start":{"line":42,"column":35},"end":{"line":55,"column":5}},"line":42},"5":{"name":"(anonymous_5)","decl":{"start":{"line":53,"column":22},"end":{"line":53,"column":25}},"loc":{"start":{"line":53,"column":28},"end":{"line":53,"column":37}},"line":53},"6":{"name":"iniciarBotaoGoogle","decl":{"start":{"line":58,"column":10},"end":{"line":58,"column":28}},"loc":{"start":{"line":58,"column":28},"end":{"line":73,"column":null}},"line":58},"7":{"name":"(anonymous_7)","decl":{"start":{"line":61,"column":16},"end":{"line":61,"column":17}},"loc":{"start":{"line":61,"column":54},"end":{"line":61,"column":84}},"line":61},"8":{"name":"entrarComGoogle","decl":{"start":{"line":75,"column":10},"end":{"line":75,"column":25}},"loc":{"start":{"line":75,"column":58},"end":{"line":85,"column":null}},"line":75},"9":{"name":"entrar","decl":{"start":{"line":87,"column":2},"end":{"line":87,"column":8}},"loc":{"start":{"line":87,"column":8},"end":{"line":116,"column":null}},"line":87},"10":{"name":"sair","decl":{"start":{"line":118,"column":2},"end":{"line":118,"column":6}},"loc":{"start":{"line":118,"column":6},"end":{"line":120,"column":null}},"line":118}},"branchMap":{"0":{"loc":{"start":{"line":36,"column":6},"end":{"line":36,"column":null}},"type":"if","locations":[{"start":{"line":36,"column":6},"end":{"line":36,"column":null}},{"start":{},"end":{}}],"line":36},"1":{"loc":{"start":{"line":44,"column":6},"end":{"line":47,"column":null}},"type":"if","locations":[{"start":{"line":44,"column":6},"end":{"line":47,"column":null}},{"start":{},"end":{}}],"line":44},"2":{"loc":{"start":{"line":65,"column":4},"end":{"line":72,"column":null}},"type":"if","locations":[{"start":{"line":65,"column":4},"end":{"line":72,"column":null}},{"start":{},"end":{}}],"line":65},"3":{"loc":{"start":{"line":78,"column":4},"end":{"line":81,"column":null}},"type":"if","locations":[{"start":{"line":78,"column":4},"end":{"line":81,"column":null}},{"start":{},"end":{}}],"line":78},"4":{"loc":{"start":{"line":83,"column":22},"end":{"line":83,"column":79}},"type":"binary-expr","locations":[{"start":{"line":83,"column":22},"end":{"line":83,"column":72}},{"start":{"line":83,"column":76},"end":{"line":83,"column":79}}],"line":83},"5":{"loc":{"start":{"line":93,"column":4},"end":{"line":96,"column":null}},"type":"if","locations":[{"start":{"line":93,"column":4},"end":{"line":96,"column":null}},{"start":{},"end":{}}],"line":93},"6":{"loc":{"start":{"line":98,"column":4},"end":{"line":101,"column":null}},"type":"if","locations":[{"start":{"line":98,"column":4},"end":{"line":101,"column":null}},{"start":{},"end":{}}],"line":98},"7":{"loc":{"start":{"line":103,"column":4},"end":{"line":105,"column":null}},"type":"if","locations":[{"start":{"line":103,"column":4},"end":{"line":105,"column":null}},{"start":{},"end":{}}],"line":103},"8":{"loc":{"start":{"line":109,"column":4},"end":{"line":112,"column":null}},"type":"if","locations":[{"start":{"line":109,"column":4},"end":{"line":112,"column":null}},{"start":{},"end":{}}],"line":109},"9":{"loc":{"start":{"line":114,"column":22},"end":{"line":114,"column":79}},"type":"binary-expr","locations":[{"start":{"line":114,"column":22},"end":{"line":114,"column":72}},{"start":{"line":114,"column":76},"end":{"line":114,"column":79}}],"line":114}},"s":{"0":1,"1":1,"2":3,"3":3,"4":3,"5":3,"6":3,"7":3,"8":3,"9":3,"10":3,"11":0,"12":3,"13":0,"14":3,"15":3,"16":0,"17":0,"18":3,"19":3,"20":3,"21":3,"22":3,"23":0,"24":3,"25":0,"26":0,"27":0,"28":0,"29":0,"30":0,"31":0,"32":0,"33":0,"34":0,"35":0,"36":0,"37":0,"38":0,"39":0,"40":0,"41":0,"42":0,"43":0,"44":0,"45":0,"46":0,"47":0,"48":0,"49":0,"50":0,"51":0,"52":0,"53":0,"54":1},"f":{"0":3,"1":3,"2":0,"3":3,"4":3,"5":0,"6":0,"7":0,"8":0,"9":0,"10":0},"b":{"0":[0,3],"1":[0,3],"2":[0,0],"3":[0,0],"4":[0,0],"5":[0,0],"6":[0,0],"7":[0,0],"8":[0,0],"9":[0,0]},"meta":{"lastBranch":10,"lastFunction":11,"lastStatement":55,"seen":{"s:11:25:11:99":0,"s:20:7:120:Infinity":1,"s:22:9:22:28":2,"s:23:19:23:33":3,"s:24:18:24:40":4,"s:26:10:26:12":5,"s:27:10:27:12":6,"s:28:14:28:16":7,"s:29:14:29:16":8,"f:31:2:31:Infinity":0,"s:35:4:38:Infinity":9,"f:35:20:35:23":1,"b:36:6:36:Infinity:undefined:undefined:undefined:undefined":0,"s:36:6:36:Infinity":10,"s:36:32:36:Infinity":11,"s:37:6:37:Infinity":12,"f:37:39:37:42":2,"s:37:45:37:70":13,"f:41:10:41:30":3,"s:42:4:55:Infinity":14,"f:42:23:42:24":4,"b:44:6:47:Infinity:undefined:undefined:undefined:undefined":1,"s:44:6:47:Infinity":15,"s:45:8:45:Infinity":16,"s:46:8:46:Infinity":17,"s:49:21:49:53":18,"s:50:6:50:Infinity":19,"s:51:6:51:Infinity":20,"s:52:6:52:Infinity":21,"s:53:6:53:Infinity":22,"f:53:22:53:25":5,"s:53:28:53:37":23,"s:54:6:54:Infinity":24,"f:58:10:58:28":6,"s:59:4:62:Infinity":25,"f:61:16:61:17":7,"s:61:54:61:84":26,"s:64:22:64:59":27,"b:65:4:72:Infinity:undefined:undefined:undefined:undefined":2,"s:65:4:72:Infinity":28,"s:66:6:71:Infinity":29,"f:75:10:75:25":8,"s:76:20:76:65":30,"b:78:4:81:Infinity:undefined:undefined:undefined:undefined":3,"s:78:4:81:Infinity":31,"s:79:6:79:Infinity":32,"s:80:6:80:Infinity":33,"s:83:22:83:79":34,"b:83:22:83:72:83:76:83:79":4,"s:84:4:84:Infinity":35,"f:87:2:87:8":9,"s:88:4:88:Infinity":36,"s:89:4:89:Infinity":37,"s:91:27:91:31":38,"b:93:4:96:Infinity:undefined:undefined:undefined:undefined":5,"s:93:4:96:Infinity":39,"s:94:6:94:Infinity":40,"s:95:6:95:Infinity":41,"b:98:4:101:Infinity:undefined:undefined:undefined:undefined":6,"s:98:4:101:Infinity":42,"s:99:6:99:Infinity":43,"s:100:6:100:Infinity":44,"b:103:4:105:Infinity:undefined:undefined:undefined:undefined":7,"s:103:4:105:Infinity":45,"s:104:6:104:Infinity":46,"s:107:20:107:59":47,"b:109:4:112:Infinity:undefined:undefined:undefined:undefined":8,"s:109:4:112:Infinity":48,"s:110:6:110:Infinity":49,"s:111:6:111:Infinity":50,"s:114:22:114:79":51,"b:114:22:114:72:114:76:114:79":9,"s:115:4:115:Infinity":52,"f:118:2:118:6":10,"s:119:4:119:Infinity":53,"s:20:13:121:Infinity":54},"fnNames":{}}}
,"C:\\cafeteria\\cafeteria\\src\\app\\features\\sobre\\sobre.css": {"path":"C:\\cafeteria\\cafeteria\\src\\app\\features\\sobre\\sobre.css","statementMap":{},"fnMap":{},"branchMap":{},"s":{},"f":{},"b":{},"meta":{"lastBranch":0,"lastFunction":0,"lastStatement":0,"seen":{},"fnNames":{}}}
,"C:\\cafeteria\\cafeteria\\src\\app\\features\\sobre\\sobre.ts": {"path":"C:\\cafeteria\\cafeteria\\src\\app\\features\\sobre\\sobre.ts","statementMap":{"0":{"start":{"line":9,"column":7},"end":{"line":9,"column":null}},"1":{"start":{"line":9,"column":13},"end":{"line":9,"column":null}}},"fnMap":{},"branchMap":{},"s":{"0":1,"1":1},"f":{},"b":{},"meta":{"lastBranch":0,"lastFunction":0,"lastStatement":2,"seen":{"s:9:7:9:Infinity":0,"s:9:13:9:Infinity":1},"fnNames":{}}}
,"C:\\cafeteria\\cafeteria\\src\\app\\features\\spotify\\spotify.css": {"path":"C:\\cafeteria\\cafeteria\\src\\app\\features\\spotify\\spotify.css","statementMap":{},"fnMap":{},"branchMap":{},"s":{},"f":{},"b":{},"meta":{"lastBranch":0,"lastFunction":0,"lastStatement":0,"seen":{},"fnNames":{}}}
,"C:\\cafeteria\\cafeteria\\src\\app\\features\\spotify\\spotify.ts": {"path":"C:\\cafeteria\\cafeteria\\src\\app\\features\\spotify\\spotify.ts","statementMap":{"0":{"start":{"line":10,"column":7},"end":{"line":10,"column":null}},"1":{"start":{"line":10,"column":13},"end":{"line":10,"column":null}}},"fnMap":{},"branchMap":{},"s":{"0":1,"1":1},"f":{},"b":{},"meta":{"lastBranch":0,"lastFunction":0,"lastStatement":2,"seen":{"s:10:7:10:Infinity":0,"s:10:13:10:Infinity":1},"fnNames":{}}}
}
